<?xml version="1.0" encoding="UTF-8"?>
<!-- Generated by org.testng.reporters.JUnitReportReporter -->
<testsuite hostname="LAPTOP-2D27B82A" failures="0" tests="3" name="tests.CartTest" time="57.988" errors="0" timestamp="2026-04-28T23:20:17 IST" skipped="0">
  <testcase classname="tests.CartTest" name="testCartItems" time="9.484"/>
  <testcase classname="tests.CartTest" name="testRemoveItem" time="22.324"/>
  <testcase classname="tests.CartTest" name="testPlaceOrder" time="26.180"/>
</testsuite> <!-- tests.CartTest -->
