<?xml version="1.0" encoding="UTF-8"?>
<!-- Generated by org.testng.reporters.JUnitReportReporter -->
<testsuite hostname="LAPTOP-2D27B82A" failures="0" tests="4" name="tests.LoginTest" time="14.666" errors="0" timestamp="2026-04-28T22:25:43 IST" skipped="0">
  <testcase classname="tests.LoginTest" name="testInvalidPassword" time="3.100"/>
  <testcase classname="tests.LoginTest" name="testLogout" time="3.909"/>
  <testcase classname="tests.LoginTest" name="testValidLogin" time="3.655"/>
  <testcase classname="tests.LoginTest" name="testEmptyLogin" time="4.002"/>
</testsuite> <!-- tests.LoginTest -->
