<?xml version="1.0" encoding="UTF-8"?>
<!-- Generated by org.testng.reporters.JUnitReportReporter -->
<testsuite hostname="LAPTOP-2D27B82A" failures="0" tests="4" name="tests.ProductTest" time="27.654" errors="0" timestamp="2026-04-28T22:57:22 IST" skipped="0">
  <testcase classname="tests.ProductTest" name="testProductDetails" time="2.623"/>
  <testcase classname="tests.ProductTest" name="testProductDashboard" time="2.476"/>
  <testcase classname="tests.ProductTest" name="testAddProductToCart" time="8.968"/>
  <testcase classname="tests.ProductTest" name="testAddMultipleProducts" time="13.587"/>
</testsuite> <!-- tests.ProductTest -->
