<?xml version="1.0" encoding="UTF-8"?>
<!-- Generated by org.testng.reporters.JUnitXMLReporter -->
<testsuite ignored="0" hostname="LAPTOP-2D27B82A" failures="0" tests="4" name="Default test" time="27.735" errors="0" timestamp="2026-04-28T22:57:22 IST">
  <testcase classname="tests.ProductTest" name="testAddMultipleProducts" time="10.195"/>
  <testcase classname="tests.ProductTest" name="testAddProductToCart" time="5.331"/>
  <testcase classname="tests.ProductTest" name="testProductDashboard" time="0.029"/>
  <testcase classname="tests.ProductTest" name="testProductDetails" time="0.206"/>
</testsuite> <!-- Default test -->
