<?xml version="1.0" encoding="UTF-8"?>
<!-- Generated by org.testng.reporters.JUnitXMLReporter -->
<testsuite ignored="0" hostname="LAPTOP-2D27B82A" failures="0" tests="4" name="Default test" time="14.74" errors="0" timestamp="2026-04-28T22:25:43 IST">
  <testcase classname="tests.LoginTest" name="testEmptyLogin" time="1.247"/>
  <testcase classname="tests.LoginTest" name="testInvalidPassword" time="1.315"/>
  <testcase classname="tests.LoginTest" name="testLogout" time="0.965"/>
  <testcase classname="tests.LoginTest" name="testValidLogin" time="0.637"/>
</testsuite> <!-- Default test -->
