<?xml version="1.0" encoding="UTF-8"?>
<testng-results ignored="0" total="3" passed="3" failed="0" skipped="0">
  <reporter-output>
  </reporter-output>
  <suite started-at="2026-04-28T23:19:19 IST" name="Default suite" finished-at="2026-04-28T23:20:17 IST" duration-ms="58061">
    <groups>
    </groups>
    <test started-at="2026-04-28T23:19:19 IST" name="Default test" finished-at="2026-04-28T23:20:17 IST" duration-ms="58061">
      <class name="tests.CartTest">
        <test-method is-config="true" signature="setup()[pri:0, instance:tests.CartTest@4c402120]" started-at="2026-04-28T23:19:19 IST" name="setup" finished-at="2026-04-28T23:19:21 IST" duration-ms="2534" status="PASS">
          <reporter-output>
          </reporter-output>
        </test-method> <!-- setup -->
        <test-method is-config="true" signature="init()[pri:0, instance:tests.CartTest@4c402120]" started-at="2026-04-28T23:19:21 IST" name="init" finished-at="2026-04-28T23:19:27 IST" duration-ms="5935" status="PASS">
          <reporter-output>
          </reporter-output>
        </test-method> <!-- init -->
        <test-method signature="testCartItems()[pri:0, instance:tests.CartTest@4c402120]" started-at="2026-04-28T23:19:27 IST" name="testCartItems" finished-at="2026-04-28T23:19:34 IST" duration-ms="6402" status="PASS">
          <reporter-output>
          </reporter-output>
        </test-method> <!-- testCartItems -->
        <test-method is-config="true" signature="tearDown()[pri:0, instance:tests.CartTest@4c402120]" started-at="2026-04-28T23:19:34 IST" name="tearDown" finished-at="2026-04-28T23:19:34 IST" duration-ms="493" status="PASS">
          <reporter-output>
          </reporter-output>
        </test-method> <!-- tearDown -->
        <test-method is-config="true" signature="setup()[pri:0, instance:tests.CartTest@4c402120]" started-at="2026-04-28T23:19:34 IST" name="setup" finished-at="2026-04-28T23:19:36 IST" duration-ms="1560" status="PASS">
          <reporter-output>
          </reporter-output>
        </test-method> <!-- setup -->
        <test-method is-config="true" signature="init()[pri:0, instance:tests.CartTest@4c402120]" started-at="2026-04-28T23:19:36 IST" name="init" finished-at="2026-04-28T23:19:42 IST" duration-ms="5869" status="PASS">
          <reporter-output>
          </reporter-output>
        </test-method> <!-- init -->
        <test-method signature="testPlaceOrder()[pri:0, instance:tests.CartTest@4c402120]" started-at="2026-04-28T23:19:42 IST" name="testPlaceOrder" finished-at="2026-04-28T23:19:59 IST" duration-ms="17218" status="PASS">
          <reporter-output>
          </reporter-output>
        </test-method> <!-- testPlaceOrder -->
        <test-method is-config="true" signature="tearDown()[pri:0, instance:tests.CartTest@4c402120]" started-at="2026-04-28T23:19:59 IST" name="tearDown" finished-at="2026-04-28T23:19:59 IST" duration-ms="402" status="PASS">
          <reporter-output>
          </reporter-output>
        </test-method> <!-- tearDown -->
        <test-method is-config="true" signature="setup()[pri:0, instance:tests.CartTest@4c402120]" started-at="2026-04-28T23:19:59 IST" name="setup" finished-at="2026-04-28T23:20:01 IST" duration-ms="1529" status="PASS">
          <reporter-output>
          </reporter-output>
        </test-method> <!-- setup -->
        <test-method is-config="true" signature="init()[pri:0, instance:tests.CartTest@4c402120]" started-at="2026-04-28T23:20:01 IST" name="init" finished-at="2026-04-28T23:20:02 IST" duration-ms="1151" status="PASS">
          <reporter-output>
          </reporter-output>
        </test-method> <!-- init -->
        <test-method signature="testRemoveItem()[pri:0, instance:tests.CartTest@4c402120]" started-at="2026-04-28T23:20:02 IST" name="testRemoveItem" finished-at="2026-04-28T23:20:16 IST" duration-ms="14406" status="PASS">
          <reporter-output>
          </reporter-output>
        </test-method> <!-- testRemoveItem -->
        <test-method is-config="true" signature="tearDown()[pri:0, instance:tests.CartTest@4c402120]" started-at="2026-04-28T23:20:16 IST" name="tearDown" finished-at="2026-04-28T23:20:17 IST" duration-ms="489" status="PASS">
          <reporter-output>
          </reporter-output>
        </test-method> <!-- tearDown -->
      </class> <!-- tests.CartTest -->
    </test> <!-- Default test -->
  </suite> <!-- Default suite -->
</testng-results>
